Using pre-set license
Built from '2020.3/staging' branch; Version is '2020.3.6f1 (338bb68529b2) revision 3378102'; Using compiler version '192528614'; Build Type 'Release'
OS: 'Windows 10 Home; OS build 19041.985; Version 2004; 64bit' Language: 'en' Physical Memory: 16332 MB
BatchMode: 1, IsHumanControllingUs: 0, StartBugReporterOnCrash: 0, Is64bit: 1, IsPro: 0

 COMMAND LINE ARGUMENTS:
C:\Program Files\Unity\Hub\Editor\2020.3.6f1\Editor\Unity.exe
-adb2
-batchMode
-noUpm
-name
AssetImportWorker0
-projectPath
Z:/GitHub/Museum
-logFile
Logs/AssetImportWorker0.log
-srvPort
50149
Successfully changed project path to: Z:/GitHub/Museum
Z:/GitHub/Museum
Using Asset Import Pipeline V2.
Refreshing native plugins compatible for Editor in 29.60 ms, found 0 plugins.
Preloading 0 native plugins for Editor in 0.00 ms.
Initialize engine version: 2020.3.6f1 (338bb68529b2)
[Subsystems] Discovering subsystems at path C:/Program Files/Unity/Hub/Editor/2020.3.6f1/Editor/Data/Resources/UnitySubsystems
[Subsystems] Discovering subsystems at path Z:/GitHub/Museum/Assets
GfxDevice: creating device client; threaded=0
Direct3D:
    Version:  Direct3D 11.0 [level 11.1]
    Renderer: NVIDIA GeForce GTX 1050 Ti (ID=0x1c82)
    Vendor:   
    VRAM:     4018 MB
    Driver:   27.21.14.5751
Initialize mono
Mono path[0] = 'C:/Program Files/Unity/Hub/Editor/2020.3.6f1/Editor/Data/Managed'
Mono path[1] = 'C:/Program Files/Unity/Hub/Editor/2020.3.6f1/Editor/Data/MonoBleedingEdge/lib/mono/unityjit'
Mono config path = 'C:/Program Files/Unity/Hub/Editor/2020.3.6f1/Editor/Data/MonoBleedingEdge/etc'
Using monoOptions --debugger-agent=transport=dt_socket,embedding=1,server=y,suspend=n,address=127.0.0.1:56564
Begin MonoManager ReloadAssembly
Registering precompiled unity dll's ...
Register platform support module: C:/Program Files/Unity/Hub/Editor/2020.3.6f1/Editor/Data/PlaybackEngines/WebGLSupport/UnityEditor.WebGL.Extensions.dll
Register platform support module: C:/Program Files/Unity/Hub/Editor/2020.3.6f1/Editor/Data/PlaybackEngines/WindowsStandaloneSupport/UnityEditor.WindowsStandalone.Extensions.dll
Registered in 0.002241 seconds.
Native extension for WindowsStandalone target not found
Native extension for WebGL target not found
Refreshing native plugins compatible for Editor in 26.48 ms, found 0 plugins.
Preloading 0 native plugins for Editor in 0.00 ms.
Mono: successfully reloaded assembly
- Completed reload, in  1.803 seconds
Platform modules already initialized, skipping
Registering precompiled user dll's ...
Registered in 0.000700 seconds.
Begin MonoManager ReloadAssembly
Native extension for WindowsStandalone target not found
Native extension for WebGL target not found
Refreshing native plugins compatible for Editor in 0.31 ms, found 0 plugins.
Preloading 0 native plugins for Editor in 0.00 ms.
Mono: successfully reloaded assembly
- Completed reload, in  0.869 seconds
Platform modules already initialized, skipping
========================================================================
Worker process is ready to serve import requests
Launched and connected shader compiler UnityShaderCompiler.exe after 0.08 seconds
Refreshing native plugins compatible for Editor in 0.27 ms, found 0 plugins.
Preloading 0 native plugins for Editor in 0.00 ms.
Unloading 1767 Unused Serialized files (Serialized files now loaded: 0)
System memory in use before: 83.9 MB.
System memory in use after: 83.9 MB.

Unloading 104 unused Assets to reduce memory usage. Loaded Objects now: 2207.
Total: 2.273300 ms (FindLiveObjects: 0.175000 ms CreateObjectMapping: 0.140400 ms MarkObjects: 1.793700 ms  DeleteObjects: 0.163100 ms)

========================================================================
Received Import Request.
  path: Assets/Prefab/breakablerock.prefab
  artifactKey: Guid(437fd7b98fb06eb42bc40e3c20c2935b) Importer(815301076,1909f56bfc062723c751e8b465ee728b)
Start importing Assets/Prefab/breakablerock.prefab using Guid(437fd7b98fb06eb42bc40e3c20c2935b) Importer(815301076,1909f56bfc062723c751e8b465ee728b)  -> (artifact id: '82e5f314e56acdbe117a32f4c4188bd6') in 0.090054 seconds
  Import took 0.092799 seconds .

========================================================================
Received Import Request.
  Time since last request: 9.552514 seconds.
  path: Assets/Prefab/breakablerock.prefab
  artifactKey: Guid(437fd7b98fb06eb42bc40e3c20c2935b) Importer(815301076,1909f56bfc062723c751e8b465ee728b)
Start importing Assets/Prefab/breakablerock.prefab using Guid(437fd7b98fb06eb42bc40e3c20c2935b) Importer(815301076,1909f56bfc062723c751e8b465ee728b)  -> (artifact id: 'ebf399f959bc9b614f5d22df3e662c4e') in 0.011414 seconds
  Import took 0.040605 seconds .

========================================================================
Received Import Request.
  Time since last request: 1.370634 seconds.
  path: Assets/Prefab/breakablerock.prefab
  artifactKey: Guid(437fd7b98fb06eb42bc40e3c20c2935b) Importer(815301076,1909f56bfc062723c751e8b465ee728b)
Start importing Assets/Prefab/breakablerock.prefab using Guid(437fd7b98fb06eb42bc40e3c20c2935b) Importer(815301076,1909f56bfc062723c751e8b465ee728b)  -> (artifact id: 'de2e2ee9d02441afae5173822f0e4194') in 0.012660 seconds
  Import took 0.016241 seconds .

========================================================================
Received Import Request.
  Time since last request: 1.450243 seconds.
  path: Assets/Prefab/breakablerock.prefab
  artifactKey: Guid(437fd7b98fb06eb42bc40e3c20c2935b) Importer(815301076,1909f56bfc062723c751e8b465ee728b)
Start importing Assets/Prefab/breakablerock.prefab using Guid(437fd7b98fb06eb42bc40e3c20c2935b) Importer(815301076,1909f56bfc062723c751e8b465ee728b)  -> (artifact id: 'c921dd521194129894193444cb850ade') in 0.010822 seconds
  Import took 0.013769 seconds .

========================================================================
Received Import Request.
  Time since last request: 1.537223 seconds.
  path: Assets/Prefab/breakablerock.prefab
  artifactKey: Guid(437fd7b98fb06eb42bc40e3c20c2935b) Importer(815301076,1909f56bfc062723c751e8b465ee728b)
Start importing Assets/Prefab/breakablerock.prefab using Guid(437fd7b98fb06eb42bc40e3c20c2935b) Importer(815301076,1909f56bfc062723c751e8b465ee728b)  -> (artifact id: 'd949e72d654a7d4bddddf9f5bbaa3d63') in 0.016122 seconds
  Import took 0.020317 seconds .

========================================================================
Received Import Request.
  Time since last request: 1.712151 seconds.
  path: Assets/Prefab/breakablerock.prefab
  artifactKey: Guid(437fd7b98fb06eb42bc40e3c20c2935b) Importer(815301076,1909f56bfc062723c751e8b465ee728b)
Start importing Assets/Prefab/breakablerock.prefab using Guid(437fd7b98fb06eb42bc40e3c20c2935b) Importer(815301076,1909f56bfc062723c751e8b465ee728b)  -> (artifact id: '2c33912e0ad2c44dad724101754630d4') in 0.012964 seconds
  Import took 0.017128 seconds .

========================================================================
Received Import Request.
  Time since last request: 2.642425 seconds.
  path: Assets/Prefab/breakablerock.prefab
  artifactKey: Guid(437fd7b98fb06eb42bc40e3c20c2935b) Importer(815301076,1909f56bfc062723c751e8b465ee728b)
Start importing Assets/Prefab/breakablerock.prefab using Guid(437fd7b98fb06eb42bc40e3c20c2935b) Importer(815301076,1909f56bfc062723c751e8b465ee728b)  -> (artifact id: 'c89ac72acc649da15e201077d4ff420c') in 0.010631 seconds
  Import took 0.013781 seconds .

========================================================================
Received Import Request.
  Time since last request: 2.899554 seconds.
  path: Assets/Prefab/breakablerock.prefab
  artifactKey: Guid(437fd7b98fb06eb42bc40e3c20c2935b) Importer(815301076,1909f56bfc062723c751e8b465ee728b)
Start importing Assets/Prefab/breakablerock.prefab using Guid(437fd7b98fb06eb42bc40e3c20c2935b) Importer(815301076,1909f56bfc062723c751e8b465ee728b)  -> (artifact id: 'b7c0b3ef1fc2dbcf5728376e9830db66') in 0.029299 seconds
  Import took 0.032745 seconds .

========================================================================
Received Import Request.
  Time since last request: 2.417058 seconds.
  path: Assets/Prefab/breakablerock.prefab
  artifactKey: Guid(437fd7b98fb06eb42bc40e3c20c2935b) Importer(815301076,1909f56bfc062723c751e8b465ee728b)
Start importing Assets/Prefab/breakablerock.prefab using Guid(437fd7b98fb06eb42bc40e3c20c2935b) Importer(815301076,1909f56bfc062723c751e8b465ee728b)  -> (artifact id: 'cb6058cf0db2b2adb4542e3d7ce5f1af') in 0.010784 seconds
  Import took 0.014441 seconds .

========================================================================
Received Import Request.
  Time since last request: 5.157743 seconds.
  path: Assets/Prefab/breakablerock.prefab
  artifactKey: Guid(437fd7b98fb06eb42bc40e3c20c2935b) Importer(815301076,1909f56bfc062723c751e8b465ee728b)
Start importing Assets/Prefab/breakablerock.prefab using Guid(437fd7b98fb06eb42bc40e3c20c2935b) Importer(815301076,1909f56bfc062723c751e8b465ee728b)  -> (artifact id: 'a13ff58fe96198d638cc461da55b04c9') in 0.010212 seconds
  Import took 0.028961 seconds .

========================================================================
Received Import Request.
  Time since last request: 10.208069 seconds.
  path: Assets/Prefab/breakablerock.prefab
  artifactKey: Guid(437fd7b98fb06eb42bc40e3c20c2935b) Importer(815301076,1909f56bfc062723c751e8b465ee728b)
Start importing Assets/Prefab/breakablerock.prefab using Guid(437fd7b98fb06eb42bc40e3c20c2935b) Importer(815301076,1909f56bfc062723c751e8b465ee728b)  -> (artifact id: '4393fdc40cf0075bc0d5606315994a09') in 0.011854 seconds
  Import took 0.015206 seconds .

========================================================================
Received Import Request.
  Time since last request: 3.216038 seconds.
  path: Assets/Prefab/breakablerock.prefab
  artifactKey: Guid(437fd7b98fb06eb42bc40e3c20c2935b) Importer(815301076,1909f56bfc062723c751e8b465ee728b)
Start importing Assets/Prefab/breakablerock.prefab using Guid(437fd7b98fb06eb42bc40e3c20c2935b) Importer(815301076,1909f56bfc062723c751e8b465ee728b)  -> (artifact id: 'e95f64ac193ab2ca031e4c5e05a95523') in 0.011026 seconds
  Import took 0.022585 seconds .

========================================================================
Received Import Request.
  Time since last request: 2.200790 seconds.
  path: Assets/Prefab/breakablerock.prefab
  artifactKey: Guid(437fd7b98fb06eb42bc40e3c20c2935b) Importer(815301076,1909f56bfc062723c751e8b465ee728b)
Start importing Assets/Prefab/breakablerock.prefab using Guid(437fd7b98fb06eb42bc40e3c20c2935b) Importer(815301076,1909f56bfc062723c751e8b465ee728b)  -> (artifact id: 'e45f8a8a485c36e55d5acbc9efe0be3e') in 0.011858 seconds
  Import took 0.027908 seconds .

AssetImportWorkerClient::OnTransportError - code=2 error=End of file
